<?xml version="1.0" encoding="UTF-8"?>
<!-- Generated by org.testng.reporters.JUnitReportReporter -->
<testsuite skipped="0" hostname="OM-PC" name="cucumberOptions.TestRunnerNG" tests="1" failures="0" timestamp="29 Apr 2020 11:02:11 GMT" time="249.565" errors="0">
  <testcase name="feature" time="249.565" classname="cucumberOptions.TestRunnerNG"/>
</testsuite> <!-- cucumberOptions.TestRunnerNG -->
